0 info it worked if it ends with ok
1 verbose cli [ '/usr/local/Cellar/node/4.2.1/bin/node',
1 verbose cli   '/usr/local/bin/npm',
1 verbose cli   'start' ]
2 info using npm@3.3.10
3 info using node@v4.2.1
4 verbose run-script [ 'prestart', 'start', 'poststart' ]
5 info lifecycle socket-chat-example@0.0.1~prestart: socket-chat-example@0.0.1
6 verbose lifecycle socket-chat-example@0.0.1~prestart: unsafe-perm in lifecycle true
7 verbose lifecycle socket-chat-example@0.0.1~prestart: PATH: /usr/local/lib/node_modules/npm/bin/node-gyp-bin:/Users/joshuapaling/dev/TUTORIALS_AND_LEARNING/set-card-game/node_modules/.bin:/Users/joshuapaling/.rbenv/shims:/Applications/MAMP/bin/php/php5.4.42/bin:/usr/local/bin:/usr/local/heroku/bin:/usr/local/bin:/usr/bin:/bin:/usr/sbin:/sbin:/usr/local/MacGPG2/bin:/usr/local/git/bin
8 verbose lifecycle socket-chat-example@0.0.1~prestart: CWD: /Users/joshuapaling/dev/TUTORIALS_AND_LEARNING/set-card-game
9 silly lifecycle socket-chat-example@0.0.1~prestart: Args: [ '-c', 'webpack' ]
10 silly lifecycle socket-chat-example@0.0.1~prestart: Returned: code: 1  signal: null
11 info lifecycle socket-chat-example@0.0.1~prestart: Failed to exec prestart script
12 verbose stack Error: socket-chat-example@0.0.1 prestart: `webpack`
12 verbose stack Exit status 1
12 verbose stack     at EventEmitter.<anonymous> (/usr/local/lib/node_modules/npm/lib/utils/lifecycle.js:232:16)
12 verbose stack     at emitTwo (events.js:87:13)
12 verbose stack     at EventEmitter.emit (events.js:172:7)
12 verbose stack     at ChildProcess.<anonymous> (/usr/local/lib/node_modules/npm/lib/utils/spawn.js:24:14)
12 verbose stack     at emitTwo (events.js:87:13)
12 verbose stack     at ChildProcess.emit (events.js:172:7)
12 verbose stack     at maybeClose (internal/child_process.js:818:16)
12 verbose stack     at Process.ChildProcess._handle.onexit (internal/child_process.js:211:5)
13 verbose pkgid socket-chat-example@0.0.1
14 verbose cwd /Users/joshuapaling/dev/TUTORIALS_AND_LEARNING/set-card-game
15 error Darwin 14.5.0
16 error argv "/usr/local/Cellar/node/4.2.1/bin/node" "/usr/local/bin/npm" "start"
17 error node v4.2.1
18 error npm  v3.3.10
19 error code ELIFECYCLE
20 error socket-chat-example@0.0.1 prestart: `webpack`
20 error Exit status 1
21 error Failed at the socket-chat-example@0.0.1 prestart script 'webpack'.
21 error Make sure you have the latest version of node.js and npm installed.
21 error If you do, this is most likely a problem with the socket-chat-example package,
21 error not with npm itself.
21 error Tell the author that this fails on your system:
21 error     webpack
21 error You can get their info via:
21 error     npm owner ls socket-chat-example
21 error There is likely additional logging output above.
22 verbose exit [ 1, true ]
